Configuration file: /srv/neurotischism/_config.yml
            Source: source
       Destination: _site
      Generating... 
                    done.

2014-07-31T03:50:19: elliot 3 (el@el) posted comment on page games_a-ball-at-the-mall
Configuration file: /srv/neurotischism/_config.yml
            Source: source
       Destination: _site
      Generating... 
                    done.

2014-07-31T03:54:09: Yaro (berejnoi.yaroslav@gmail.com) posted comment on page games_pc-case
Configuration file: /srv/neurotischism/_config.yml
            Source: source
       Destination: _site
      Generating... 
                    done.

2014-07-31T03:55:28: neurotischism (elliot.hatch@gmail.com) posted comment on page games_pc-case
Configuration file: /srv/neurotischism/_config.yml
            Source: source
       Destination: _site
      Generating... 
                    done.

2014-08-01T01:09:11: elliot (elliot.hatch@gmail.com) posted comment on page games_a-ball-at-the-mall
Configuration file: /srv/neurotischism/_config.yml
            Source: source
       Destination: _site
      Generating... 
                    done.

